Flow report for cyclone3
Sun Aug 21 16:08:37 2016
Quartus II 64-Bit Version 13.1.0 Build 162 10/23/2013 SJ Web Edition


---------------------
; Table of Contents ;
---------------------
  1. Legal Notice
  2. Flow Summary
  3. Flow Settings
  4. Flow Non-Default Global Settings
  5. Flow Elapsed Time
  6. Flow OS Summary
  7. Flow Log
  8. Flow Messages
  9. Flow Suppressed Messages



----------------
; Legal Notice ;
----------------
Copyright (C) 1991-2013 Altera Corporation
Your use of Altera Corporation's design tools, logic functions 
and other software and tools, and its AMPP partner logic 
functions, and any output files from any of the foregoing 
(including device programming or simulation files), and any 
associated documentation or information are expressly subject 
to the terms and conditions of the Altera Program License 
Subscription Agreement, Altera MegaCore Function License 
Agreement, or other applicable license agreement, including, 
without limitation, that your use is for the sole purpose of 
programming logic devices manufactured by Altera and sold by 
Altera or its authorized distributors.  Please refer to the 
applicable agreement for further details.



+---------------------------------------------------------------------------------+
; Flow Summary                                                                    ;
+------------------------------------+--------------------------------------------+
; Flow Status                        ; Successful - Sun Aug 21 16:08:29 2016      ;
; Quartus II 64-Bit Version          ; 13.1.0 Build 162 10/23/2013 SJ Web Edition ;
; Revision Name                      ; cyclone3                                   ;
; Top-level Entity Name              ; cyclone3                                   ;
; Family                             ; Cyclone III                                ;
; Device                             ; EP3C10E144C8                               ;
; Timing Models                      ; Final                                      ;
; Total logic elements               ; 1,518 / 10,320 ( 15 % )                    ;
;     Total combinational functions  ; 961 / 10,320 ( 9 % )                       ;
;     Dedicated logic registers      ; 1,343 / 10,320 ( 13 % )                    ;
; Total registers                    ; 1343                                       ;
; Total pins                         ; 17 / 95 ( 18 % )                           ;
; Total virtual pins                 ; 40                                         ;
; Total memory bits                  ; 86,088 / 423,936 ( 20 % )                  ;
; Embedded Multiplier 9-bit elements ; 9 / 46 ( 20 % )                            ;
; Total PLLs                         ; 1 / 2 ( 50 % )                             ;
+------------------------------------+--------------------------------------------+


+-----------------------------------------+
; Flow Settings                           ;
+-------------------+---------------------+
; Option            ; Setting             ;
+-------------------+---------------------+
; Start date & time ; 08/21/2016 16:07:44 ;
; Main task         ; Compilation         ;
; Revision Name     ; cyclone3            ;
+-------------------+---------------------+


+----------------------------------------------------------------------------------------------------------------------------------------------------------------------------------------------------------------------------------------------------------------------+
; Flow Non-Default Global Settings                                                                                                                                                                                                                                     ;
+-------------------------------------+---------------------------------------------------------------------------------------------------------------------------------------------------------------------------+---------------+-----------------+------------------+
; Assignment Name                     ; Value                                                                                                                                                                     ; Default Value ; Entity Name     ; Section Id       ;
+-------------------------------------+---------------------------------------------------------------------------------------------------------------------------------------------------------------------------+---------------+-----------------+------------------+
; COMPILER_SIGNATURE_ID               ; 98434677252.147178486411064                                                                                                                                               ; --            ; --              ; --               ;
; ENABLE_SIGNALTAP                    ; On                                                                                                                                                                        ; --            ; --              ; --               ;
; IP_TOOL_ENV                         ; mwpim                                                                                                                                                                     ; --            ; fir_filter      ; --               ;
; IP_TOOL_ENV                         ; mwpim                                                                                                                                                                     ; --            ; fir_filter      ; --               ;
; IP_TOOL_ENV                         ; mwpim                                                                                                                                                                     ; --            ; fir_filter_0002 ; --               ;
; IP_TOOL_NAME                        ; ALTPLL                                                                                                                                                                    ; --            ; --              ; --               ;
; IP_TOOL_NAME                        ; FIFO                                                                                                                                                                      ; --            ; --              ; --               ;
; IP_TOOL_NAME                        ; LPM_MULT                                                                                                                                                                  ; --            ; --              ; --               ;
; IP_TOOL_NAME                        ; LPM_MULT                                                                                                                                                                  ; --            ; --              ; --               ;
; IP_TOOL_NAME                        ; LPM_ADD_SUB                                                                                                                                                               ; --            ; --              ; --               ;
; IP_TOOL_NAME                        ; LPM_ADD_SUB                                                                                                                                                               ; --            ; --              ; --               ;
; IP_TOOL_NAME                        ; LPM_ADD_SUB                                                                                                                                                               ; --            ; --              ; --               ;
; IP_TOOL_NAME                        ; LPM_ADD_SUB                                                                                                                                                               ; --            ; --              ; --               ;
; IP_TOOL_NAME                        ; LPM_ADD_SUB                                                                                                                                                               ; --            ; --              ; --               ;
; IP_TOOL_NAME                        ; LPM_ADD_SUB                                                                                                                                                               ; --            ; --              ; --               ;
; IP_TOOL_NAME                        ; altera_fir_compiler_ii                                                                                                                                                    ; --            ; fir_filter      ; --               ;
; IP_TOOL_NAME                        ; altera_fir_compiler_ii                                                                                                                                                    ; --            ; fir_filter      ; --               ;
; IP_TOOL_NAME                        ; altera_fir_compiler_ii                                                                                                                                                    ; --            ; fir_filter_0002 ; --               ;
; IP_TOOL_VERSION                     ; 13.1                                                                                                                                                                      ; --            ; --              ; --               ;
; IP_TOOL_VERSION                     ; 13.0                                                                                                                                                                      ; --            ; --              ; --               ;
; IP_TOOL_VERSION                     ; 13.1                                                                                                                                                                      ; --            ; --              ; --               ;
; IP_TOOL_VERSION                     ; 13.1                                                                                                                                                                      ; --            ; --              ; --               ;
; IP_TOOL_VERSION                     ; 13.1                                                                                                                                                                      ; --            ; --              ; --               ;
; IP_TOOL_VERSION                     ; 13.1                                                                                                                                                                      ; --            ; --              ; --               ;
; IP_TOOL_VERSION                     ; 13.1                                                                                                                                                                      ; --            ; --              ; --               ;
; IP_TOOL_VERSION                     ; 13.1                                                                                                                                                                      ; --            ; --              ; --               ;
; IP_TOOL_VERSION                     ; 13.1                                                                                                                                                                      ; --            ; --              ; --               ;
; IP_TOOL_VERSION                     ; 13.1                                                                                                                                                                      ; --            ; --              ; --               ;
; IP_TOOL_VERSION                     ; 13.1                                                                                                                                                                      ; --            ; fir_filter      ; --               ;
; IP_TOOL_VERSION                     ; 13.1                                                                                                                                                                      ; --            ; fir_filter      ; --               ;
; IP_TOOL_VERSION                     ; 13.1                                                                                                                                                                      ; --            ; fir_filter_0002 ; --               ;
; MAX_CORE_JUNCTION_TEMP              ; 85                                                                                                                                                                        ; --            ; --              ; --               ;
; MIN_CORE_JUNCTION_TEMP              ; 0                                                                                                                                                                         ; --            ; --              ; --               ;
; MISC_FILE                           ; altpll0.bsf                                                                                                                                                               ; --            ; --              ; --               ;
; MISC_FILE                           ; altpll0_bb.v                                                                                                                                                              ; --            ; --              ; --               ;
; MISC_FILE                           ; altpll0.ppf                                                                                                                                                               ; --            ; --              ; --               ;
; MISC_FILE                           ; myfifo.bsf                                                                                                                                                                ; --            ; --              ; --               ;
; MISC_FILE                           ; myfifo_bb.v                                                                                                                                                               ; --            ; --              ; --               ;
; MISC_FILE                           ; lpm_mult0.bsf                                                                                                                                                             ; --            ; --              ; --               ;
; MISC_FILE                           ; lpm_mult0.cmp                                                                                                                                                             ; --            ; --              ; --               ;
; MISC_FILE                           ; lpm_mult1.bsf                                                                                                                                                             ; --            ; --              ; --               ;
; MISC_FILE                           ; lpm_mult1.cmp                                                                                                                                                             ; --            ; --              ; --               ;
; MISC_FILE                           ; lpm_add_sub0.bsf                                                                                                                                                          ; --            ; --              ; --               ;
; MISC_FILE                           ; lpm_add_sub0.cmp                                                                                                                                                          ; --            ; --              ; --               ;
; MISC_FILE                           ; lpm_add_17.bsf                                                                                                                                                            ; --            ; --              ; --               ;
; MISC_FILE                           ; lpm_add_17.cmp                                                                                                                                                            ; --            ; --              ; --               ;
; MISC_FILE                           ; lpm_add_16.bsf                                                                                                                                                            ; --            ; --              ; --               ;
; MISC_FILE                           ; lpm_add_16.cmp                                                                                                                                                            ; --            ; --              ; --               ;
; MISC_FILE                           ; lpm_add_18.bsf                                                                                                                                                            ; --            ; --              ; --               ;
; MISC_FILE                           ; lpm_add_18.cmp                                                                                                                                                            ; --            ; --              ; --               ;
; MISC_FILE                           ; lpm_add_19.bsf                                                                                                                                                            ; --            ; --              ; --               ;
; MISC_FILE                           ; lpm_add_19.cmp                                                                                                                                                            ; --            ; --              ; --               ;
; MISC_FILE                           ; lpm_sub128.bsf                                                                                                                                                            ; --            ; --              ; --               ;
; MISC_FILE                           ; lpm_sub128.cmp                                                                                                                                                            ; --            ; --              ; --               ;
; MISC_FILE                           ; fir_filter.cmp                                                                                                                                                            ; --            ; --              ; --               ;
; MISC_FILE                           ; fir_filter_sim/altera_avalon_sc_fifo.v                                                                                                                                    ; --            ; --              ; --               ;
; MISC_FILE                           ; fir_filter_sim/auk_dspip_math_pkg_hpfir.vhd                                                                                                                               ; --            ; --              ; --               ;
; MISC_FILE                           ; fir_filter_sim/auk_dspip_lib_pkg_hpfir.vhd                                                                                                                                ; --            ; --              ; --               ;
; MISC_FILE                           ; fir_filter_sim/auk_dspip_avalon_streaming_controller_hpfir.vhd                                                                                                            ; --            ; --              ; --               ;
; MISC_FILE                           ; fir_filter_sim/auk_dspip_avalon_streaming_sink_hpfir.vhd                                                                                                                  ; --            ; --              ; --               ;
; MISC_FILE                           ; fir_filter_sim/auk_dspip_avalon_streaming_source_hpfir.vhd                                                                                                                ; --            ; --              ; --               ;
; MISC_FILE                           ; fir_filter_sim/auk_dspip_roundsat_hpfir.vhd                                                                                                                               ; --            ; --              ; --               ;
; MISC_FILE                           ; fir_filter_sim/dspba_library_package.vhd                                                                                                                                  ; --            ; --              ; --               ;
; MISC_FILE                           ; fir_filter_sim/dspba_library.vhd                                                                                                                                          ; --            ; --              ; --               ;
; MISC_FILE                           ; fir_filter_sim/fir_filter_rtl.vhd                                                                                                                                         ; --            ; --              ; --               ;
; MISC_FILE                           ; fir_filter_sim/fir_filter_ast.vhd                                                                                                                                         ; --            ; --              ; --               ;
; MISC_FILE                           ; fir_filter_sim/fir_filter.vhd                                                                                                                                             ; --            ; --              ; --               ;
; MISC_FILE                           ; fir_filter_sim/fir_filter_nativelink.tcl                                                                                                                                  ; --            ; --              ; --               ;
; MISC_FILE                           ; fir_filter_sim/fir_filter_msim.tcl                                                                                                                                        ; --            ; --              ; --               ;
; MISC_FILE                           ; fir_filter_sim/fir_filter_tb.vhd                                                                                                                                          ; --            ; --              ; --               ;
; MISC_FILE                           ; fir_filter_sim/fir_filter_mlab.m                                                                                                                                          ; --            ; --              ; --               ;
; MISC_FILE                           ; fir_filter_sim/fir_filter_model.m                                                                                                                                         ; --            ; --              ; --               ;
; MISC_FILE                           ; fir_filter_sim/fir_filter_coef_int.txt                                                                                                                                    ; --            ; --              ; --               ;
; MISC_FILE                           ; fir_filter_sim/fir_filter_input.txt                                                                                                                                       ; --            ; --              ; --               ;
; MISC_FILE                           ; fir_filter_sim/fir_filter_param.txt                                                                                                                                       ; --            ; --              ; --               ;
; OUTPUT_IO_TIMING_FAR_END_VMEAS      ; Half Signal Swing                                                                                                                                                         ; --            ; --              ; --               ;
; OUTPUT_IO_TIMING_FAR_END_VMEAS      ; Half Signal Swing                                                                                                                                                         ; --            ; --              ; --               ;
; OUTPUT_IO_TIMING_NEAR_END_VMEAS     ; Half Vccio                                                                                                                                                                ; --            ; --              ; --               ;
; OUTPUT_IO_TIMING_NEAR_END_VMEAS     ; Half Vccio                                                                                                                                                                ; --            ; --              ; --               ;
; PARTITION_COLOR                     ; 16764057                                                                                                                                                                  ; --            ; --              ; Top              ;
; PARTITION_FITTER_PRESERVATION_LEVEL ; PLACEMENT_AND_ROUTING                                                                                                                                                     ; --            ; --              ; Top              ;
; PARTITION_NETLIST_TYPE              ; SOURCE                                                                                                                                                                    ; --            ; --              ; Top              ;
; POWER_BOARD_THERMAL_MODEL           ; None (CONSERVATIVE)                                                                                                                                                       ; --            ; --              ; --               ;
; POWER_PRESET_COOLING_SOLUTION       ; 23 MM HEAT SINK WITH 200 LFPM AIRFLOW                                                                                                                                     ; --            ; --              ; --               ;
; SLD_FILE                            ; db/stp2_auto_stripped.stp                                                                                                                                                 ; --            ; --              ; --               ;
; SLD_NODE_CREATOR_ID                 ; 110                                                                                                                                                                       ; --            ; --              ; auto_signaltap_0 ;
; SLD_NODE_ENTITY_NAME                ; sld_signaltap                                                                                                                                                             ; --            ; --              ; auto_signaltap_0 ;
; SLD_NODE_PARAMETER_ASSIGNMENT       ; SLD_NODE_INFO=805334528                                                                                                                                                   ; --            ; --              ; auto_signaltap_0 ;
; SLD_NODE_PARAMETER_ASSIGNMENT       ; SLD_POWER_UP_TRIGGER=0                                                                                                                                                    ; --            ; --              ; auto_signaltap_0 ;
; SLD_NODE_PARAMETER_ASSIGNMENT       ; SLD_STORAGE_QUALIFIER_INVERSION_MASK_LENGTH=0                                                                                                                             ; --            ; --              ; auto_signaltap_0 ;
; SLD_NODE_PARAMETER_ASSIGNMENT       ; SLD_ATTRIBUTE_MEM_MODE=OFF                                                                                                                                                ; --            ; --              ; auto_signaltap_0 ;
; SLD_NODE_PARAMETER_ASSIGNMENT       ; SLD_TRIGGER_LEVEL=1                                                                                                                                                       ; --            ; --              ; auto_signaltap_0 ;
; SLD_NODE_PARAMETER_ASSIGNMENT       ; SLD_ADVANCED_TRIGGER_ENTITY=basic,1,                                                                                                                                      ; --            ; --              ; auto_signaltap_0 ;
; SLD_NODE_PARAMETER_ASSIGNMENT       ; SLD_TRIGGER_LEVEL_PIPELINE=1                                                                                                                                              ; --            ; --              ; auto_signaltap_0 ;
; SLD_NODE_PARAMETER_ASSIGNMENT       ; SLD_ENABLE_ADVANCED_TRIGGER=0                                                                                                                                             ; --            ; --              ; auto_signaltap_0 ;
; SLD_NODE_PARAMETER_ASSIGNMENT       ; SLD_RAM_BLOCK_TYPE=M9K                                                                                                                                                    ; --            ; --              ; auto_signaltap_0 ;
; SLD_NODE_PARAMETER_ASSIGNMENT       ; SLD_STATE_FLOW_USE_GENERATED=1                                                                                                                                            ; --            ; --              ; auto_signaltap_0 ;
; SLD_NODE_PARAMETER_ASSIGNMENT       ; SLD_STATE_BITS=2                                                                                                                                                          ; --            ; --              ; auto_signaltap_0 ;
; SLD_NODE_PARAMETER_ASSIGNMENT       ; SLD_STATE_FLOW_MGR_ENTITY=sld_reserved_cyclone3_auto_signaltap_0_flow_mgr_c90c                                                                                            ; --            ; --              ; auto_signaltap_0 ;
; SLD_NODE_PARAMETER_ASSIGNMENT       ; SLD_BUFFER_FULL_STOP=0                                                                                                                                                    ; --            ; --              ; auto_signaltap_0 ;
; SLD_NODE_PARAMETER_ASSIGNMENT       ; SLD_CURRENT_RESOURCE_WIDTH=0                                                                                                                                              ; --            ; --              ; auto_signaltap_0 ;
; SLD_NODE_PARAMETER_ASSIGNMENT       ; SLD_SEGMENT_SIZE=2048                                                                                                                                                     ; --            ; --              ; auto_signaltap_0 ;
; SLD_NODE_PARAMETER_ASSIGNMENT       ; SLD_SAMPLE_DEPTH=2048                                                                                                                                                     ; --            ; --              ; auto_signaltap_0 ;
; SLD_NODE_PARAMETER_ASSIGNMENT       ; SLD_TRIGGER_IN_ENABLED=0                                                                                                                                                  ; --            ; --              ; auto_signaltap_0 ;
; SLD_NODE_PARAMETER_ASSIGNMENT       ; SLD_DATA_BITS=42                                                                                                                                                          ; --            ; --              ; auto_signaltap_0 ;
; SLD_NODE_PARAMETER_ASSIGNMENT       ; SLD_TRIGGER_BITS=45                                                                                                                                                       ; --            ; --              ; auto_signaltap_0 ;
; SLD_NODE_PARAMETER_ASSIGNMENT       ; SLD_INVERSION_MASK=000000000000000000000000000000000000000000000000000000000000000000000000000000000000000000000000000000000000000000000000000000000000000000000000000000 ; --            ; --              ; auto_signaltap_0 ;
; SLD_NODE_PARAMETER_ASSIGNMENT       ; SLD_INVERSION_MASK_LENGTH=150                                                                                                                                             ; --            ; --              ; auto_signaltap_0 ;
; SLD_NODE_PARAMETER_ASSIGNMENT       ; SLD_NODE_CRC_LOWORD=3729                                                                                                                                                  ; --            ; --              ; auto_signaltap_0 ;
; SLD_NODE_PARAMETER_ASSIGNMENT       ; SLD_NODE_CRC_HIWORD=47962                                                                                                                                                 ; --            ; --              ; auto_signaltap_0 ;
; SPD_FILE                            ; fir_filter.spd                                                                                                                                                            ; --            ; --              ; --               ;
; SYNTHESIS_ONLY_QIP                  ; On                                                                                                                                                                        ; --            ; --              ; --               ;
; USE_SIGNALTAP_FILE                  ; stp2.stp                                                                                                                                                                  ; --            ; --              ; --               ;
+-------------------------------------+---------------------------------------------------------------------------------------------------------------------------------------------------------------------------+---------------+-----------------+------------------+


+-------------------------------------------------------------------------------------------------------------------------------+
; Flow Elapsed Time                                                                                                             ;
+---------------------------+--------------+-------------------------+---------------------+------------------------------------+
; Module Name               ; Elapsed Time ; Average Processors Used ; Peak Virtual Memory ; Total CPU Time (on all processors) ;
+---------------------------+--------------+-------------------------+---------------------+------------------------------------+
; Analysis & Synthesis      ; 00:00:18     ; 1.0                     ; 576 MB              ; 00:00:16                           ;
; Fitter                    ; 00:00:16     ; 1.1                     ; 904 MB              ; 00:00:16                           ;
; Assembler                 ; 00:00:02     ; 1.0                     ; 457 MB              ; 00:00:02                           ;
; TimeQuest Timing Analyzer ; 00:00:05     ; 1.0                     ; 516 MB              ; 00:00:05                           ;
; Total                     ; 00:00:41     ; --                      ; --                  ; 00:00:39                           ;
+---------------------------+--------------+-------------------------+---------------------+------------------------------------+


+----------------------------------------------------------------------------------------+
; Flow OS Summary                                                                        ;
+---------------------------+------------------+-----------+------------+----------------+
; Module Name               ; Machine Hostname ; OS Name   ; OS Version ; Processor type ;
+---------------------------+------------------+-----------+------------+----------------+
; Analysis & Synthesis      ; Ilya-Note        ; Windows 7 ; 6.1        ; x86_64         ;
; Fitter                    ; Ilya-Note        ; Windows 7 ; 6.1        ; x86_64         ;
; Assembler                 ; Ilya-Note        ; Windows 7 ; 6.1        ; x86_64         ;
; TimeQuest Timing Analyzer ; Ilya-Note        ; Windows 7 ; 6.1        ; x86_64         ;
+---------------------------+------------------+-----------+------------+----------------+


------------
; Flow Log ;
------------
quartus_map --read_settings_files=on --write_settings_files=off cyclone3 -c cyclone3
quartus_fit --read_settings_files=off --write_settings_files=off cyclone3 -c cyclone3
quartus_asm --read_settings_files=off --write_settings_files=off cyclone3 -c cyclone3
quartus_sta cyclone3 -c cyclone3



